Mono path[0] = '/home/anthonyl/.local/share/Steam/steamapps/common/Valheim/valheim_Data/Managed'
Mono config path = '/home/anthonyl/.local/share/Steam/steamapps/common/Valheim/valheim_Data/MonoBleedingEdge/etc'
Preloaded 'libDiskSpacePlugin.so'
Preloaded 'libparty.so'
Preloaded 'libsteam_api.so'
Display 0 'LG ULTRAGEAR 34"': 3440x1440 (primary device).
[Physics::Module] Initialized MultithreadedJobDispatcher with 23 workers.
Desktop is 3440 x 1440 @ 144 Hz
[Vulkan init] extensions: count=23
[Vulkan init] extensions: name=VK_EXT_acquire_drm_display [enabled=0, external=0]
[Vulkan init] extensions: name=VK_EXT_acquire_xlib_display [enabled=0, external=0]
[Vulkan init] extensions: name=VK_EXT_debug_report [enabled=0, external=0]
[Vulkan init] extensions: name=VK_EXT_debug_utils [enabled=0, external=0]
[Vulkan init] extensions: name=VK_EXT_direct_mode_display [enabled=0, external=0]
[Vulkan init] extensions: name=VK_EXT_display_surface_counter [enabled=0, external=0]
[Vulkan init] extensions: name=VK_EXT_surface_maintenance1 [enabled=0, external=0]
[Vulkan init] extensions: name=VK_EXT_swapchain_colorspace [enabled=1, external=0]
[Vulkan init] extensions: name=VK_KHR_device_group_creation [enabled=0, external=0]
[Vulkan init] extensions: name=VK_KHR_display [enabled=1, external=0]
[Vulkan init] extensions: name=VK_KHR_external_fence_capabilities [enabled=1, external=0]
[Vulkan init] extensions: name=VK_KHR_external_memory_capabilities [enabled=1, external=0]
[Vulkan init] extensions: name=VK_KHR_external_semaphore_capabilities [enabled=1, external=0]
[Vulkan init] extensions: name=VK_KHR_get_display_properties2 [enabled=0, external=0]
[Vulkan init] extensions: name=VK_KHR_get_physical_device_properties2 [enabled=1, external=0]
[Vulkan init] extensions: name=VK_KHR_get_surface_capabilities2 [enabled=0, external=0]
[Vulkan init] extensions: name=VK_KHR_portability_enumeration [enabled=0, external=0]
[Vulkan init] extensions: name=VK_KHR_surface [enabled=1, external=0]
[Vulkan init] extensions: name=VK_KHR_surface_protected_capabilities [enabled=0, external=0]
[Vulkan init] extensions: name=VK_KHR_wayland_surface [enabled=1, external=0]
[Vulkan init] extensions: name=VK_KHR_xcb_surface [enabled=0, external=0]
[Vulkan init] extensions: name=VK_KHR_xlib_surface [enabled=1, external=0]
[Vulkan init] extensions: name=VK_LUNARG_direct_driver_loading [enabled=0, external=0]
Vulkan detection: 2
Initialize engine version: 2022.3.12f1 (4fe6e059c7ef)
[Subsystems] Discovering subsystems at path /home/anthonyl/.local/share/Steam/steamapps/common/Valheim/valheim_Data/UnitySubsystems
GfxDevice: creating device client; threaded=1; jobified=0
[Vulkan init] extensions: count=23
[Vulkan init] extensions: name=VK_EXT_acquire_drm_display [enabled=0, external=0]
[Vulkan init] extensions: name=VK_EXT_acquire_xlib_display [enabled=0, external=0]
[Vulkan init] extensions: name=VK_EXT_debug_report [enabled=0, external=0]
[Vulkan init] extensions: name=VK_EXT_debug_utils [enabled=0, external=0]
[Vulkan init] extensions: name=VK_EXT_direct_mode_display [enabled=0, external=0]
[Vulkan init] extensions: name=VK_EXT_display_surface_counter [enabled=0, external=0]
[Vulkan init] extensions: name=VK_EXT_surface_maintenance1 [enabled=0, external=0]
[Vulkan init] extensions: name=VK_EXT_swapchain_colorspace [enabled=1, external=0]
[Vulkan init] extensions: name=VK_KHR_device_group_creation [enabled=0, external=0]
[Vulkan init] extensions: name=VK_KHR_display [enabled=1, external=0]
[Vulkan init] extensions: name=VK_KHR_external_fence_capabilities [enabled=1, external=0]
[Vulkan init] extensions: name=VK_KHR_external_memory_capabilities [enabled=1, external=0]
[Vulkan init] extensions: name=VK_KHR_external_semaphore_capabilities [enabled=1, external=0]
[Vulkan init] extensions: name=VK_KHR_get_display_properties2 [enabled=0, external=0]
[Vulkan init] extensions: name=VK_KHR_get_physical_device_properties2 [enabled=1, external=0]
[Vulkan init] extensions: name=VK_KHR_get_surface_capabilities2 [enabled=0, external=0]
[Vulkan init] extensions: name=VK_KHR_portability_enumeration [enabled=0, external=0]
[Vulkan init] extensions: name=VK_KHR_surface [enabled=1, external=0]
[Vulkan init] extensions: name=VK_KHR_surface_protected_capabilities [enabled=0, external=0]
[Vulkan init] extensions: name=VK_KHR_wayland_surface [enabled=1, external=0]
[Vulkan init] extensions: name=VK_KHR_xcb_surface [enabled=0, external=0]
[Vulkan init] extensions: name=VK_KHR_xlib_surface [enabled=1, external=0]
[Vulkan init] extensions: name=VK_LUNARG_direct_driver_loading [enabled=0, external=0]
[Vulkan init] SelectPhysicalDevice requestedDeviceIndex=-1 xrDevice=(nil)
[Vulkan init] Physical Device 0xe41a90 [0]: "AMD Radeon RX 6800 (RADV NAVI21)" deviceType=2 vendorID=1002 deviceID=73bf
[Vulkan init] Physical Device 0xb356f0 [1]: "AMD Radeon Graphics (RADV RAPHAEL_MENDOCINO)" deviceType=1 vendorID=1002 deviceID=164e
[Vulkan init] Selected physical device 0xe41a90
[Vulkan init] Graphics queue count=1
[Vulkan init] extensions: count=169
[Vulkan init] extensions: name=VK_AMD_buffer_marker [enabled=0, external=0]
[Vulkan init] extensions: name=VK_AMD_device_coherent_memory [enabled=0, external=0]
[Vulkan init] extensions: name=VK_AMD_draw_indirect_count [enabled=0, external=0]
[Vulkan init] extensions: name=VK_AMD_gcn_shader [enabled=0, external=0]
[Vulkan init] extensions: name=VK_AMD_gpu_shader_half_float [enabled=0, external=0]
[Vulkan init] extensions: name=VK_AMD_gpu_shader_int16 [enabled=0, external=0]
[Vulkan init] extensions: name=VK_AMD_memory_overallocation_behavior [enabled=0, external=0]
[Vulkan init] extensions: name=VK_AMD_mixed_attachment_samples [enabled=0, external=0]
[Vulkan init] extensions: name=VK_AMD_shader_ballot [enabled=0, external=0]
[Vulkan init] extensions: name=VK_AMD_shader_core_properties [enabled=0, external=0]
[Vulkan init] extensions: name=VK_AMD_shader_core_properties2 [enabled=0, external=0]
[Vulkan init] extensions: name=VK_AMD_shader_early_and_late_fragment_tests [enabled=0, external=0]
[Vulkan init] extensions: name=VK_AMD_shader_explicit_vertex_parameter [enabled=0, external=0]
[Vulkan init] extensions: name=VK_AMD_shader_fragment_mask [enabled=0, external=0]
[Vulkan init] extensions: name=VK_AMD_shader_image_load_store_lod [enabled=0, external=0]
[Vulkan init] extensions: name=VK_AMD_shader_trinary_minmax [enabled=0, external=0]
[Vulkan init] extensions: name=VK_AMD_texture_gather_bias_lod [enabled=0, external=0]
[Vulkan init] extensions: name=VK_EXT_4444_formats [enabled=1, external=0]
[Vulkan init] extensions: name=VK_EXT_attachment_feedback_loop_dynamic_state [enabled=0, external=0]
[Vulkan init] extensions: name=VK_EXT_attachment_feedback_loop_layout [enabled=0, external=0]
[Vulkan init] extensions: name=VK_EXT_border_color_swizzle [enabled=0, external=0]
[Vulkan init] extensions: name=VK_EXT_buffer_device_address [enabled=0, external=0]
[Vulkan init] extensions: name=VK_EXT_calibrated_timestamps [enabled=0, external=0]
[Vulkan init] extensions: name=VK_EXT_color_write_enable [enabled=0, external=0]
[Vulkan init] extensions: name=VK_EXT_conditional_rendering [enabled=0, external=0]
[Vulkan init] extensions: name=VK_EXT_conservative_rasterization [enabled=1, external=0]
[Vulkan init] extensions: name=VK_EXT_custom_border_color [enabled=0, external=0]
[Vulkan init] extensions: name=VK_EXT_depth_bias_control [enabled=0, external=0]
[Vulkan init] extensions: name=VK_EXT_depth_clip_control [enabled=0, external=0]
[Vulkan init] extensions: name=VK_EXT_depth_clip_enable [enabled=0, external=0]
[Vulkan init] extensions: name=VK_EXT_depth_range_unrestricted [enabled=0, external=0]
[Vulkan init] extensions: name=VK_EXT_descriptor_buffer [enabled=0, external=0]
[Vulkan init] extensions: name=VK_EXT_descriptor_indexing [enabled=0, external=0]
[Vulkan init] extensions: name=VK_EXT_discard_rectangles [enabled=0, external=0]
[Vulkan init] extensions: name=VK_EXT_display_control [enabled=0, external=0]
[Vulkan init] extensions: name=VK_EXT_dynamic_rendering_unused_attachments [enabled=0, external=0]
[Vulkan init] extensions: name=VK_EXT_extended_dynamic_state [enabled=0, external=0]
[Vulkan init] extensions: name=VK_EXT_extended_dynamic_state2 [enabled=0, external=0]
[Vulkan init] extensions: name=VK_EXT_extended_dynamic_state3 [enabled=0, external=0]
[Vulkan init] extensions: name=VK_EXT_external_memory_acquire_unmodified [enabled=0, external=0]
[Vulkan init] extensions: name=VK_EXT_external_memory_dma_buf [enabled=0, external=0]
[Vulkan init] extensions: name=VK_EXT_external_memory_host [enabled=1, external=0]
[Vulkan init] extensions: name=VK_EXT_fragment_shader_interlock [enabled=0, external=0]
[Vulkan init] extensions: name=VK_EXT_global_priority [enabled=0, external=0]
[Vulkan init] extensions: name=VK_EXT_global_priority_query [enabled=0, external=0]
[Vulkan init] extensions: name=VK_EXT_graphics_pipeline_library [enabled=0, external=0]
[Vulkan init] extensions: name=VK_EXT_host_query_reset [enabled=0, external=0]
[Vulkan init] extensions: name=VK_EXT_image_2d_view_of_3d [enabled=0, external=0]
[Vulkan init] extensions: name=VK_EXT_image_drm_format_modifier [enabled=0, external=0]
[Vulkan init] extensions: name=VK_EXT_image_robustness [enabled=0, external=0]
[Vulkan init] extensions: name=VK_EXT_image_sliced_view_of_3d [enabled=0, external=0]
[Vulkan init] extensions: name=VK_EXT_image_view_min_lod [enabled=0, external=0]
[Vulkan init] extensions: name=VK_EXT_index_type_uint8 [enabled=0, external=0]
[Vulkan init] extensions: name=VK_EXT_inline_uniform_block [enabled=0, external=0]
[Vulkan init] extensions: name=VK_EXT_line_rasterization [enabled=0, external=0]
[Vulkan init] extensions: name=VK_EXT_load_store_op_none [enabled=1, external=0]
[Vulkan init] extensions: name=VK_EXT_memory_budget [enabled=1, external=0]
[Vulkan init] extensions: name=VK_EXT_memory_priority [enabled=1, external=0]
[Vulkan init] extensions: name=VK_EXT_mesh_shader [enabled=0, external=0]
[Vulkan init] extensions: name=VK_EXT_multi_draw [enabled=0, external=0]
[Vulkan init] extensions: name=VK_EXT_mutable_descriptor_type [enabled=0, external=0]
[Vulkan init] extensions: name=VK_EXT_non_seamless_cube_map [enabled=0, external=0]
[Vulkan init] extensions: name=VK_EXT_pci_bus_info [enabled=0, external=0]
[Vulkan init] extensions: name=VK_EXT_physical_device_drm [enabled=0, external=0]
[Vulkan init] extensions: name=VK_EXT_pipeline_creation_cache_control [enabled=0, external=0]
[Vulkan init] extensions: name=VK_EXT_pipeline_creation_feedback [enabled=0, external=0]
[Vulkan init] extensions: name=VK_EXT_pipeline_library_group_handles [enabled=0, external=0]
[Vulkan init] extensions: name=VK_EXT_pipeline_robustness [enabled=0, external=0]
[Vulkan init] extensions: name=VK_EXT_post_depth_coverage [enabled=0, external=0]
[Vulkan init] extensions: name=VK_EXT_primitive_topology_list_restart [enabled=0, external=0]
[Vulkan init] extensions: name=VK_EXT_primitives_generated_query [enabled=0, external=0]
[Vulkan init] extensions: name=VK_EXT_private_data [enabled=0, external=0]
[Vulkan init] extensions: name=VK_EXT_provoking_vertex [enabled=0, external=0]
[Vulkan init] extensions: name=VK_EXT_queue_family_foreign [enabled=1, external=0]
[Vulkan init] extensions: name=VK_EXT_robustness2 [enabled=0, external=0]
[Vulkan init] extensions: name=VK_EXT_sampler_filter_minmax [enabled=0, external=0]
[Vulkan init] extensions: name=VK_EXT_scalar_block_layout [enabled=1, external=0]
[Vulkan init] extensions: name=VK_EXT_separate_stencil_usage [enabled=0, external=0]
[Vulkan init] extensions: name=VK_EXT_shader_atomic_float [enabled=0, external=0]
[Vulkan init] extensions: name=VK_EXT_shader_atomic_float2 [enabled=0, external=0]
[Vulkan init] extensions: name=VK_EXT_shader_demote_to_helper_invocation [enabled=0, external=0]
[Vulkan init] extensions: name=VK_EXT_shader_image_atomic_int64 [enabled=0, external=0]
[Vulkan init] extensions: name=VK_EXT_shader_module_identifier [enabled=0, external=0]
[Vulkan init] extensions: name=VK_EXT_shader_stencil_export [enabled=0, external=0]
[Vulkan init] extensions: name=VK_EXT_shader_subgroup_ballot [enabled=0, external=0]
[Vulkan init] extensions: name=VK_EXT_shader_subgroup_vote [enabled=0, external=0]
[Vulkan init] extensions: name=VK_EXT_shader_viewport_index_layer [enabled=1, external=0]
[Vulkan init] extensions: name=VK_EXT_subgroup_size_control [enabled=0, external=0]
[Vulkan init] extensions: name=VK_EXT_swapchain_maintenance1 [enabled=0, external=0]
[Vulkan init] extensions: name=VK_EXT_texel_buffer_alignment [enabled=0, external=0]
[Vulkan init] extensions: name=VK_EXT_tooling_info [enabled=0, external=0]
[Vulkan init] extensions: name=VK_EXT_transform_feedback [enabled=0, external=0]
[Vulkan init] extensions: name=VK_EXT_vertex_attribute_divisor [enabled=0, external=0]
[Vulkan init] extensions: name=VK_EXT_vertex_input_dynamic_state [enabled=0, external=0]
[Vulkan init] extensions: name=VK_EXT_ycbcr_image_arrays [enabled=0, external=0]
[Vulkan init] extensions: name=VK_GOOGLE_decorate_string [enabled=0, external=0]
[Vulkan init] extensions: name=VK_GOOGLE_hlsl_functionality1 [enabled=0, external=0]
[Vulkan init] extensions: name=VK_GOOGLE_user_type [enabled=0, external=0]
[Vulkan init] extensions: name=VK_INTEL_shader_integer_functions2 [enabled=0, external=0]
[Vulkan init] extensions: name=VK_KHR_16bit_storage [enabled=1, external=0]
[Vulkan init] extensions: name=VK_KHR_8bit_storage [enabled=0, external=0]
[Vulkan init] extensions: name=VK_KHR_acceleration_structure [enabled=0, external=0]
[Vulkan init] extensions: name=VK_KHR_bind_memory2 [enabled=1, external=0]
[Vulkan init] extensions: name=VK_KHR_buffer_device_address [enabled=0, external=0]
[Vulkan init] extensions: name=VK_KHR_copy_commands2 [enabled=0, external=0]
[Vulkan init] extensions: name=VK_KHR_create_renderpass2 [enabled=1, external=0]
[Vulkan init] extensions: name=VK_KHR_dedicated_allocation [enabled=1, external=0]
[Vulkan init] extensions: name=VK_KHR_deferred_host_operations [enabled=0, external=0]
[Vulkan init] extensions: name=VK_KHR_depth_stencil_resolve [enabled=1, external=0]
[Vulkan init] extensions: name=VK_KHR_descriptor_update_template [enabled=1, external=0]
[Vulkan init] extensions: name=VK_KHR_device_group [enabled=0, external=0]
[Vulkan init] extensions: name=VK_KHR_draw_indirect_count [enabled=0, external=0]
[Vulkan init] extensions: name=VK_KHR_driver_properties [enabled=1, external=0]
[Vulkan init] extensions: name=VK_KHR_dynamic_rendering [enabled=0, external=0]
[Vulkan init] extensions: name=VK_KHR_external_fence [enabled=1, external=0]
[Vulkan init] extensions: name=VK_KHR_external_fence_fd [enabled=1, external=0]
[Vulkan init] extensions: name=VK_KHR_external_memory [enabled=1, external=0]
[Vulkan init] extensions: name=VK_KHR_external_memory_fd [enabled=1, external=0]
[Vulkan init] extensions: name=VK_KHR_external_semaphore [enabled=1, external=0]
[Vulkan init] extensions: name=VK_KHR_external_semaphore_fd [enabled=1, external=0]
[Vulkan init] extensions: name=VK_KHR_format_feature_flags2 [enabled=0, external=0]
[Vulkan init] extensions: name=VK_KHR_fragment_shader_barycentric [enabled=0, external=0]
[Vulkan init] extensions: name=VK_KHR_fragment_shading_rate [enabled=1, external=0]
[Vulkan init] extensions: name=VK_KHR_get_memory_requirements2 [enabled=1, external=0]
[Vulkan init] extensions: name=VK_KHR_global_priority [enabled=0, external=0]
[Vulkan init] extensions: name=VK_KHR_image_format_list [enabled=1, external=0]
[Vulkan init] extensions: name=VK_KHR_imageless_framebuffer [enabled=0, external=0]
[Vulkan init] extensions: name=VK_KHR_incremental_present [enabled=0, external=0]
[Vulkan init] extensions: name=VK_KHR_maintenance1 [enabled=1, external=0]
[Vulkan init] extensions: name=VK_KHR_maintenance2 [enabled=1, external=0]
[Vulkan init] extensions: name=VK_KHR_maintenance3 [enabled=0, external=0]
[Vulkan init] extensions: name=VK_KHR_maintenance4 [enabled=0, external=0]
[Vulkan init] extensions: name=VK_KHR_maintenance5 [enabled=0, external=0]
[Vulkan init] extensions: name=VK_KHR_map_memory2 [enabled=0, external=0]
[Vulkan init] extensions: name=VK_KHR_multiview [enabled=1, external=0]
[Vulkan init] extensions: name=VK_KHR_performance_query [enabled=0, external=0]
[Vulkan init] extensions: name=VK_KHR_pipeline_executable_properties [enabled=0, external=0]
[Vulkan init] extensions: name=VK_KHR_pipeline_library [enabled=0, external=0]
[Vulkan init] extensions: name=VK_KHR_push_descriptor [enabled=0, external=0]
[Vulkan init] extensions: name=VK_KHR_ray_query [enabled=0, external=0]
[Vulkan init] extensions: name=VK_KHR_ray_tracing_maintenance1 [enabled=0, external=0]
[Vulkan init] extensions: name=VK_KHR_ray_tracing_pipeline [enabled=0, external=0]
[Vulkan init] extensions: name=VK_KHR_relaxed_block_layout [enabled=0, external=0]
[Vulkan init] extensions: name=VK_KHR_sampler_mirror_clamp_to_edge [enabled=1, external=0]
[Vulkan init] extensions: name=VK_KHR_sampler_ycbcr_conversion [enabled=1, external=0]
[Vulkan init] extensions: name=VK_KHR_separate_depth_stencil_layouts [enabled=0, external=0]
[Vulkan init] extensions: name=VK_KHR_shader_atomic_int64 [enabled=1, external=0]
[Vulkan init] extensions: name=VK_KHR_shader_clock [enabled=0, external=0]
[Vulkan init] extensions: name=VK_KHR_shader_draw_parameters [enabled=0, external=0]
[Vulkan init] extensions: name=VK_KHR_shader_float16_int8 [enabled=1, external=0]
[Vulkan init] extensions: name=VK_KHR_shader_float_controls [enabled=0, external=0]
[Vulkan init] extensions: name=VK_KHR_shader_integer_dot_product [enabled=0, external=0]
[Vulkan init] extensions: name=VK_KHR_shader_non_semantic_info [enabled=1, external=0]
[Vulkan init] extensions: name=VK_KHR_shader_subgroup_extended_types [enabled=0, external=0]
[Vulkan init] extensions: name=VK_KHR_shader_subgroup_uniform_control_flow [enabled=0, external=0]
[Vulkan init] extensions: name=VK_KHR_shader_terminate_invocation [enabled=0, external=0]
[Vulkan init] extensions: name=VK_KHR_spirv_1_4 [enabled=0, external=0]
[Vulkan init] extensions: name=VK_KHR_storage_buffer_storage_class [enabled=1, external=0]
[Vulkan init] extensions: name=VK_KHR_swapchain [enabled=1, external=0]
[Vulkan init] extensions: name=VK_KHR_swapchain_mutable_format [enabled=1, external=0]
[Vulkan init] extensions: name=VK_KHR_synchronization2 [enabled=0, external=0]
[Vulkan init] extensions: name=VK_KHR_timeline_semaphore [enabled=0, external=0]
[Vulkan init] extensions: name=VK_KHR_uniform_buffer_standard_layout [enabled=0, external=0]
[Vulkan init] extensions: name=VK_KHR_variable_pointers [enabled=0, external=0]
[Vulkan init] extensions: name=VK_KHR_vulkan_memory_model [enabled=0, external=0]
[Vulkan init] extensions: name=VK_KHR_workgroup_memory_explicit_layout [enabled=0, external=0]
[Vulkan init] extensions: name=VK_KHR_zero_initialize_workgroup_memory [enabled=0, external=0]
[Vulkan init] extensions: name=VK_NV_compute_shader_derivatives [enabled=0, external=0]
[Vulkan init] extensions: name=VK_VALVE_mutable_descriptor_type [enabled=0, external=0]
Fossilize INFO: Overriding serialization path: "/home/anthonyl/.local/share/Steam/steamapps/shadercache/892970/fozpipelinesv6/steamapprun_pipeline_cache".
Vulkan API version 1.1.0 (1.3.267 supported by driver, 1.1.0 requested)
Vulkan vendor=[ATI] id=[1002]
Vulkan renderer=[AMD Radeon RX 6800 (RADV NAVI21)] id=[73bf]
Vulkan device type 2
Vulkan driverversion=[0x05c03003] uint=[96481283]
Vulkan PSO: Cache data successfully loaded [size=838180,path=/tmp/IronGate/Valheim/vulkan_pso_cache.bin]
Begin MonoManager ReloadAssembly
- Loaded All Assemblies, in  0.044 seconds
- Finished resetting the current domain, in  0.001 seconds
requesting resize 3440 x 1372
resizing window to 3440 x 1372
Desktop is 3440 x 1440 @ 144 Hz
InitializeOrResetSwapChain 3440x1372 hdr=0 samples=1
UnloadTime: 0.437450 ms
01/13/2024 09:57:13: Fetching PlatformPrefs 'GuiScale' before loading defaults
01/13/2024 09:57:13: Fetching PlatformPrefs 'GuiScale' before loading defaults
Privilege Multiplayer is not known on this platform. Privilege therefore is granted without check...
Privilege UserGeneratedContent is not known on this platform. Privilege therefore is granted without check...
Privilege CrossPlay is not known on this platform. Privilege therefore is granted without check...
01/13/2024 09:57:13: Starting to load scene:start
Couldn't create a Convex Mesh from source mesh "default" within the maximum polygons limit (256). The partial hull will be used. Consider simplifying your mesh.
Couldn't create a Convex Mesh from source mesh "default" within the maximum polygons limit (256). The partial hull will be used. Consider simplifying your mesh.
Shader 'Lux Lit Particles/ Tess Bumped': fallback shader 'Lux Lit Particles/ Bumped Smoke' not found
Unloading 6 Unused Serialized files (Serialized files now loaded: 0)
UnloadTime: 3.543220 ms
Only custom filters can be played. Please add a custom filter or an audioclip to the audiosource (Amb_MainMenu).
01/13/2024 09:57:19: Using environment steamid 892970
01/13/2024 09:57:19: Using steam APPID:892970
[S_API] SteamAPI_Init(): Loaded '/home/anthonyl/.local/share/Steam/linux64/steamclient.so' OK.
Setting breakpad minidump AppID = 892970
SteamInternal_SetMinidumpSteamID:  Caching Steam ID:  76561198873595396 [API loaded no]
01/13/2024 09:57:19: Authentication:k_ESteamNetworkingAvailability_Attempting
01/13/2024 09:57:19: Steam initialized, persona:alama09x
01/13/2024 09:57:19: PlayFab custom ID set to "Steam_76561198873595396"
01/13/2024 09:57:19: Using default prefs
01/13/2024 09:57:19: Valheim version: l-0.217.38 (network version 20)
Trying to set graphic mode to 'Custom'
Graphic mode 'Custom' is not or no longer supported. Fallback to default mode for platform...
Graphic mode 'Custom' applied!
01/13/2024 09:57:19: Worldgenerator version setup:2
01/13/2024 09:57:19: Render threading mode:MultiThreaded
01/13/2024 09:57:19: Set button "CamZoomIn" to None!
01/13/2024 09:57:19: Set button "CamZoomOut" to None!
01/13/2024 09:57:19: Set button "CamZoomIn" to None!
01/13/2024 09:57:19: Set button "CamZoomOut" to None!
01/13/2024 09:57:19: Loaded localization file #0 - 'localization' language: 'English'
01/13/2024 09:57:19: Loaded localization file #1 - 'localization_extra' language: 'English'
01/13/2024 09:57:19: Loaded localization file #2 - 'heightmap_message' language: 'English'
01/13/2024 09:57:19: Loaded localization file #3 - 'localization_hildir' language: 'English'
01/13/2024 09:57:19: Loaded localization file #4 - 'localization_emotes' language: 'English'
01/13/2024 09:57:19: Loaded localization file #0 - 'localization' language: 'English'
01/13/2024 09:57:19: Loaded localization file #1 - 'localization_extra' language: 'English'
01/13/2024 09:57:19: Loaded localization file #2 - 'heightmap_message' language: 'English'
01/13/2024 09:57:19: Loaded localization file #3 - 'localization_hildir' language: 'English'
01/13/2024 09:57:19: Loaded localization file #4 - 'localization_emotes' language: 'English'
01/13/2024 09:57:19: Missing audio clip in music respawn
01/13/2024 09:57:19: Checking for installed DLCs
01/13/2024 09:57:19: DLC:beta installed:False
01/13/2024 09:57:19: Builder started
01/13/2024 09:57:19: Sending PlayFab login request (attempt 1)
01/13/2024 09:57:19: Starting music menu
Unloading 61 unused Assets to reduce memory usage. Loaded Objects now: 155645.
Total: 43.867847 ms (FindLiveObjects: 5.780351 ms CreateObjectMapping: 6.388341 ms MarkObjects: 31.518565 ms  DeleteObjects: 0.180040 ms)

01/13/2024 09:57:20: PlayFab logged in as "Steam_76561198873595396"
01/13/2024 09:57:20: PlayFab local entity ID is CC4D314865040178
01/13/2024 09:57:27: show character selection
01/13/2024 09:57:31: OnCharacterStart
01/13/2024 09:57:36: Loading main scene
Unloading 6 Unused Serialized files (Serialized files now loaded: 0)
UnloadTime: 8.810101 ms
01/13/2024 09:57:36: Steam initialized, persona:alama09x
01/13/2024 09:57:36: PlayFab custom ID set to "Steam_76561198873595396"
01/13/2024 09:57:36: Using default prefs
01/13/2024 09:57:36: Loading player profile alpha
01/13/2024 09:57:36: isModded: False
01/13/2024 09:57:36: Zonesystem Awake 1559
01/13/2024 09:57:36: DungeonDB Awake 1559
01/13/2024 09:57:36: Steam initialized, persona:alama09x
01/13/2024 09:57:36: Worldgenerator version setup:2
01/13/2024 09:57:38: Audioman already exist, destroying self
01/13/2024 09:57:38: Checking for installed DLCs
01/13/2024 09:57:38: DLC:beta installed:False
Unloading 94 unused Assets to reduce memory usage. Loaded Objects now: 154493.
Total: 31.751015 ms (FindLiveObjects: 4.771661 ms CreateObjectMapping: 4.949121 ms MarkObjects: 21.439363 ms  DeleteObjects: 0.590010 ms)

01/13/2024 09:57:40: Zonesystem Start 1559
01/13/2024 09:57:41: Added 3 locations, 0 vegetations, 0 environments, 0 biome env-setups, 0 clutter  from locations_cp1
01/13/2024 09:57:41: Added 1 locations, 0 vegetations, 2 environments, 0 biome env-setups, 0 clutter  from locations_mountaincaves
01/13/2024 09:57:41: Added 27 locations, 25 vegetations, 5 environments, 1 biome env-setups, 3 clutter  from locations_mistlands
01/13/2024 09:57:41: Added 4 locations, 0 vegetations, 1 environments, 0 biome env-setups, 0 clutter  from locations_hildir
01/13/2024 09:57:41: DungeonDB Start 1559
01/13/2024 09:57:41: ZRpc timeout set to 30s 
01/13/2024 09:57:41: ZNET START
01/13/2024 09:57:41: Load world: Prelude (Prelude)
01/13/2024 09:57:41: Loading 52766 zdos, my sessionID: 3193848603, data version: 33
01/13/2024 09:57:41: Creating ZDOs
01/13/2024 09:57:41: Loading in ZDOs
01/13/2024 09:57:41: Adding to Dictionary
01/13/2024 09:57:41: Adding to Sectors
01/13/2024 09:57:41: Connecting Portals, Spawners & ZSyncTransforms
ConnectSpawners => Connected 0 spawners and 2 'done' spawners.
01/13/2024 09:57:41: Loaded 10149 locations
01/13/2024 09:57:41: Unloading unused assets
Unloading 12 Unused Serialized files (Serialized files now loaded: 0)
01/13/2024 09:57:41: Starting respawn
01/13/2024 09:57:45: Unpacking compressed mapdata 8587
01/13/2024 09:57:45: tip:$loadscreen_tip16
Unloading 11 unused Assets to reduce memory usage. Loaded Objects now: 1727839.
Total: 163.726166 ms (FindLiveObjects: 95.772865 ms CreateObjectMapping: 13.051702 ms MarkObjects: 53.393499 ms  DeleteObjects: 1.507170 ms)

01/13/2024 09:57:49: Loading dungeon
01/13/2024 09:57:49: Dungeon loaded with 11 rooms in 27.026 ms.
01/13/2024 09:57:54: Spawned after 8.019994
01/13/2024 09:57:54: Missing stat for guardian power: 
01/13/2024 09:57:54: Skipping unloading unused assets
01/13/2024 09:57:54: Minimap: Adding unique location (1.01, 78.02, 1.82)
01/13/2024 09:57:56: Starting music home
01/13/2024 09:57:56: Resumed music home at 0
01/13/2024 09:58:03: Loading dungeon
01/13/2024 09:58:03: Dungeon loaded with 11 rooms in 25.761 ms.
01/13/2024 09:58:20: Loading dungeon
01/13/2024 09:58:20: Dungeon loaded with 11 rooms in 26.907 ms.
01/13/2024 09:58:37: Skipping unloading unused assets
01/13/2024 09:58:55: Loading dungeon
01/13/2024 09:58:55: Dungeon loaded with 11 rooms in 25.369 ms.
01/13/2024 09:59:00: Game - OnApplicationQuit
01/13/2024 09:59:00: Shuting down
01/13/2024 09:59:00: Uncompressed size 8388697
01/13/2024 09:59:00: Compressed size 8587
01/13/2024 09:59:00: Cloud Save: 13530 bytes. /characters/alpha.fch.new
01/13/2024 09:59:00: Steam writing file chunks 1 / 1, (13530 bytes)
01/13/2024 09:59:00: Steam Cloud Move: 13530 bytes. /characters/alpha.fch -> /characters/alpha.fch.old
01/13/2024 09:59:00: Steam writing file chunks 1 / 1, (13530 bytes)
01/13/2024 09:59:00: Steam Cloud Move: 13530 bytes. /characters/alpha.fch.new -> /characters/alpha.fch
01/13/2024 09:59:00: Steam writing file chunks 1 / 1, (13530 bytes)
01/13/2024 09:59:00: Considering autobackup. World time: 32.5, short time: 7200, long time: 43200, backup count: 4
01/13/2024 09:59:00: Skipping backup. World session not long enough.
01/13/2024 09:59:00: ZNet Shutdown
01/13/2024 09:59:00: PrepareSave: clone done in 15ms
01/13/2024 09:59:00: PrepareSave: ZDOExtraData.PrepareSave done in 18 ms
01/13/2024 09:59:00: World save writing starting
01/13/2024 09:59:00: World save writing started
01/13/2024 09:59:00: Saved 52766 ZDOs
01/13/2024 09:59:00: World save writing finishing
01/13/2024 09:59:00: Cloud Save: 2494866 bytes. /worlds/Prelude.db
01/13/2024 09:59:00: Steam writing file chunks 1 / 1, (2494866 bytes)
01/13/2024 09:59:00: World save writing finished
01/13/2024 09:59:00: Cloud Save: 48 bytes. /worlds/Prelude.fwl
01/13/2024 09:59:00: Steam writing file chunks 1 / 1, (48 bytes)
01/13/2024 09:59:00: World saved ( 117.876ms )
01/13/2024 09:59:00: Considering autobackup. World time: 32.5, short time: 7200, long time: 43200, backup count: 4
01/13/2024 09:59:00: Skipping backup. World session not long enough.
01/13/2024 09:59:00: Unloading unused assets
Unloading 2 Unused Serialized files (Serialized files now loaded: 0)
01/13/2024 09:59:00: Sending disconnect msg
ZPlayFabMatchmaking::UnregisterServer - unregistering server now. State: Uninitialized
01/13/2024 09:59:00: Stopping build thread
Unloading 40 unused Assets to reduce memory usage. Loaded Objects now: 1914544.
Total: 182.177249 ms (FindLiveObjects: 108.498797 ms CreateObjectMapping: 13.998733 ms MarkObjects: 57.537829 ms  DeleteObjects: 2.141150 ms)

Setting up 12 worker threads for Enlighten.
01/13/2024 09:59:03: Steam manager on destroy
01/13/2024 09:59:03: Local player destroyed
01/13/2024 09:59:03: ZNet OnDestroy
01/13/2024 09:59:03: Net scene destroyed
Vulkan PSO: data extracted [new size=846504, old size=838180, incomplete=0]
Vulkan PSO: Saved size[846504] path[/tmp/IronGate/Valheim/vulkan_pso_cache.bin] success=1 headerChanged=0 sizeChanged=1
Memory Statistics:
[ALLOC_TEMP_TLS] TLS Allocator
  StackAllocators : 
    [ALLOC_TEMP_MAIN]
      Peak usage frame count: [2.0 KB-4.0 KB]: 571 frames, [16.0 KB-32.0 KB]: 794 frames, [32.0 KB-64.0 KB]: 4610 frames, [64.0 KB-128.0 KB]: 1658 frames, [128.0 KB-256.0 KB]: 2 frames, [256.0 KB-0.5 MB]: 41 frames, [0.5 MB-1.0 MB]: 5 frames, [1.0 MB-2.0 MB]: 8 frames, [2.0 MB-4.0 MB]: 2 frames, [4.0 MB-8.0 MB]: 14 frames
      Initial Block Size 4.0 MB
      Current Block Size 7.7 MB
      Peak Allocated Bytes 7.7 MB
      Overflow Count 110
    [ALLOC_TEMP_Background Job.worker 4]
      Initial Block Size 32.0 KB
      Current Block Size 32.0 KB
      Peak Allocated Bytes 0 B
      Overflow Count 0
    [ALLOC_TEMP_Loading.PreloadManager]
      Initial Block Size 256.0 KB
      Current Block Size 0.5 MB
      Peak Allocated Bytes 511.6 KB
      Overflow Count 178730
    [ALLOC_TEMP_Background Job.worker 3]
      Initial Block Size 32.0 KB
      Current Block Size 32.0 KB
      Peak Allocated Bytes 0 B
      Overflow Count 0
    [ALLOC_TEMP_Background Job.worker 11]
      Initial Block Size 32.0 KB
      Current Block Size 32.0 KB
      Peak Allocated Bytes 0 B
      Overflow Count 0
    [ALLOC_TEMP_Job.worker 16]
      Initial Block Size 256.0 KB
      Current Block Size 256.0 KB
      Peak Allocated Bytes 153.5 KB
      Overflow Count 0
    [ALLOC_TEMP_Background Job.worker 7]
      Initial Block Size 32.0 KB
      Current Block Size 32.0 KB
      Peak Allocated Bytes 0 B
      Overflow Count 0
    [ALLOC_TEMP_Background Job.worker 6]
      Initial Block Size 32.0 KB
      Current Block Size 32.0 KB
      Peak Allocated Bytes 0 B
      Overflow Count 0
    [ALLOC_TEMP_Job.worker 19]
      Initial Block Size 256.0 KB
      Current Block Size 256.0 KB
      Peak Allocated Bytes 153.5 KB
      Overflow Count 0
    [ALLOC_TEMP_Background Job.worker 12]
      Initial Block Size 32.0 KB
      Current Block Size 32.0 KB
      Peak Allocated Bytes 0 B
      Overflow Count 0
    [ALLOC_TEMP_Background Job.worker 2]
      Initial Block Size 32.0 KB
      Current Block Size 32.0 KB
      Peak Allocated Bytes 0 B
      Overflow Count 0
    [ALLOC_TEMP_Background Job.worker 10]
      Initial Block Size 32.0 KB
      Current Block Size 32.0 KB
      Peak Allocated Bytes 0 B
      Overflow Count 0
    [ALLOC_TEMP_Background Job.worker 15]
      Initial Block Size 32.0 KB
      Current Block Size 32.0 KB
      Peak Allocated Bytes 0 B
      Overflow Count 0
    [ALLOC_TEMP_Job.worker 5]
      Initial Block Size 256.0 KB
      Current Block Size 256.0 KB
      Peak Allocated Bytes 153.5 KB
      Overflow Count 0
    [ALLOC_TEMP_Job.worker 20]
      Initial Block Size 256.0 KB
      Current Block Size 256.0 KB
      Peak Allocated Bytes 153.5 KB
      Overflow Count 0
    [ALLOC_TEMP_Background Job.worker 8]
      Initial Block Size 32.0 KB
      Current Block Size 32.0 KB
      Peak Allocated Bytes 0 B
      Overflow Count 0
    [ALLOC_TEMP_Background Job.worker 13]
      Initial Block Size 32.0 KB
      Current Block Size 32.0 KB
      Peak Allocated Bytes 0 B
      Overflow Count 0
    [ALLOC_TEMP_NavMesh Builder.worker 0]
      Initial Block Size 64.0 KB
      Current Block Size 64.0 KB
      Peak Allocated Bytes 0 B
      Overflow Count 0
    [ALLOC_TEMP_AssetGarbageCollectorHelper] x 23
      Initial Block Size 64.0 KB
      Current Block Size 64.0 KB
      Peak Allocated Bytes 0 B
      Overflow Count 0
    [ALLOC_TEMP_Background Job.worker 0]
      Initial Block Size 32.0 KB
      Current Block Size 32.0 KB
      Peak Allocated Bytes 0 B
      Overflow Count 0
    [ALLOC_TEMP_Job.worker 6]
      Initial Block Size 256.0 KB
      Current Block Size 256.0 KB
      Peak Allocated Bytes 153.5 KB
      Overflow Count 0
    [ALLOC_TEMP_Job.worker 8]
      Initial Block Size 256.0 KB
      Current Block Size 256.0 KB
      Peak Allocated Bytes 153.5 KB
      Overflow Count 0
    [ALLOC_TEMP_Background Job.worker 14]
      Initial Block Size 32.0 KB
      Current Block Size 32.0 KB
      Peak Allocated Bytes 0 B
      Overflow Count 0
    [ALLOC_TEMP_BatchDeleteObjects]
      Initial Block Size 64.0 KB
      Current Block Size 64.0 KB
      Peak Allocated Bytes 0 B
      Overflow Count 0
    [ALLOC_TEMP_Job.worker 11]
      Initial Block Size 256.0 KB
      Current Block Size 256.0 KB
      Peak Allocated Bytes 153.5 KB
      Overflow Count 0
    [ALLOC_TEMP_Job.worker 15]
      Initial Block Size 256.0 KB
      Current Block Size 256.0 KB
      Peak Allocated Bytes 153.5 KB
      Overflow Count 0
    [ALLOC_TEMP_Background Job.worker 9]
      Initial Block Size 32.0 KB
      Current Block Size 32.0 KB
      Peak Allocated Bytes 0 B
      Overflow Count 0
    [ALLOC_TEMP_Job.worker 0]
      Initial Block Size 256.0 KB
      Current Block Size 256.0 KB
      Peak Allocated Bytes 153.5 KB
      Overflow Count 0
    [ALLOC_TEMP_Job.worker 14]
      Initial Block Size 256.0 KB
      Current Block Size 256.0 KB
      Peak Allocated Bytes 153.5 KB
      Overflow Count 0
    [ALLOC_TEMP_Job.worker 4]
      Initial Block Size 256.0 KB
      Current Block Size 256.0 KB
      Peak Allocated Bytes 153.5 KB
      Overflow Count 0
    [ALLOC_TEMP_Job.worker 13]
      Initial Block Size 256.0 KB
      Current Block Size 256.0 KB
      Peak Allocated Bytes 153.5 KB
      Overflow Count 0
    [ALLOC_TEMP_Background Job.worker 1]
      Initial Block Size 32.0 KB
      Current Block Size 32.0 KB
      Peak Allocated Bytes 65 B
      Overflow Count 1
    [ALLOC_TEMP_EnlightenWorker] x 12
      Initial Block Size 64.0 KB
      Current Block Size 64.0 KB
      Peak Allocated Bytes 0 B
      Overflow Count 0
    [ALLOC_TEMP_Job.worker 1]
      Initial Block Size 256.0 KB
      Current Block Size 256.0 KB
      Peak Allocated Bytes 153.5 KB
      Overflow Count 0
    [ALLOC_TEMP_Job.worker 21]
      Initial Block Size 256.0 KB
      Current Block Size 256.0 KB
      Peak Allocated Bytes 153.5 KB
      Overflow Count 0
    [ALLOC_TEMP_Job.worker 3]
      Initial Block Size 256.0 KB
      Current Block Size 256.0 KB
      Peak Allocated Bytes 153.5 KB
      Overflow Count 0
    [ALLOC_TEMP_Background Job.worker 5]
      Initial Block Size 32.0 KB
      Current Block Size 32.0 KB
      Peak Allocated Bytes 0 B
      Overflow Count 0
    [ALLOC_TEMP_Job.worker 12]
      Initial Block Size 256.0 KB
      Current Block Size 256.0 KB
      Peak Allocated Bytes 153.5 KB
      Overflow Count 0
    [ALLOC_TEMP_UnityGfxDeviceWorker]
      Initial Block Size 256.0 KB
      Current Block Size 256.0 KB
      Peak Allocated Bytes 92.6 KB
      Overflow Count 0
    [ALLOC_TEMP_Job.worker 22]
      Initial Block Size 256.0 KB
      Current Block Size 256.0 KB
      Peak Allocated Bytes 153.5 KB
      Overflow Count 0
    [ALLOC_TEMP_Job.worker 2]
      Initial Block Size 256.0 KB
      Current Block Size 256.0 KB
      Peak Allocated Bytes 153.5 KB
      Overflow Count 0
    [ALLOC_TEMP_Job.worker 10]
      Initial Block Size 256.0 KB
      Current Block Size 256.0 KB
      Peak Allocated Bytes 153.5 KB
      Overflow Count 0
    [ALLOC_TEMP_Job.worker 7]
      Initial Block Size 256.0 KB
      Current Block Size 256.0 KB
      Peak Allocated Bytes 153.5 KB
      Overflow Count 0
    [ALLOC_TEMP_Job.worker 17]
      Initial Block Size 256.0 KB
      Current Block Size 256.0 KB
      Peak Allocated Bytes 153.5 KB
      Overflow Count 0
    [ALLOC_TEMP_Job.worker 9]
      Initial Block Size 256.0 KB
      Current Block Size 256.0 KB
      Peak Allocated Bytes 153.5 KB
      Overflow Count 0
    [ALLOC_TEMP_Job.worker 18]
      Initial Block Size 256.0 KB
      Current Block Size 256.0 KB
      Peak Allocated Bytes 153.5 KB
      Overflow Count 0
    [ALLOC_TEMP_Loading.AsyncRead]
      Initial Block Size 64.0 KB
      Current Block Size 64.0 KB
      Peak Allocated Bytes 248 B
      Overflow Count 0
[ALLOC_DEFAULT] Dual Thread Allocator
  Peak main deferred allocation count 99525
    [ALLOC_BUCKET]
      Large Block size 4.0 MB
      Used Block count 1
      Peak Allocated bytes 4.0 MB
      Failed Allocations. Bucket layout:
        16B: 2 Subsections = 2048 buckets. Failed count: 2867580
        32B: 11 Subsections = 5632 buckets. Failed count: 584650
        48B: 24 Subsections = 8192 buckets. Failed count: 1520702
        64B: 189 Subsections = 48384 buckets. Failed count: 2195007
        80B: 21 Subsections = 4300 buckets. Failed count: 838175
        96B: 4 Subsections = 682 buckets. Failed count: 116122
        112B: 3 Subsections = 438 buckets. Failed count: 29609
        128B: 2 Subsections = 256 buckets. Failed count: 683831
    [ALLOC_DEFAULT_MAIN]
      Peak usage frame count: [64.0 MB-128.0 MB]: 1557 frames, [128.0 MB-256.0 MB]: 374 frames, [256.0 MB-0.50 GB]: 5774 frames
      Requested Block Size 16.0 MB
      Peak Block count 14
      Peak Allocated memory 428.1 MB
      Peak Large allocation bytes 235.8 MB
    [ALLOC_DEFAULT_THREAD]
      Peak usage frame count: [256.0 MB-0.50 GB]: 7705 frames
      Requested Block Size 16.0 MB
      Peak Block count 20
      Peak Allocated memory 379.0 MB
      Peak Large allocation bytes 140.6 MB
[ALLOC_TEMP_JOB_1_FRAME]
  Initial Block Size 2.0 MB
  Used Block Count 0
  Overflow Count (too large) 0
  Overflow Count (full) 0
[ALLOC_TEMP_JOB_2_FRAMES]
  Initial Block Size 2.0 MB
  Used Block Count 0
  Overflow Count (too large) 0
  Overflow Count (full) 0
[ALLOC_TEMP_JOB_4_FRAMES (JobTemp)]
  Initial Block Size 2.0 MB
  Used Block Count 1
  Overflow Count (too large) 4
  Overflow Count (full) 0
[ALLOC_TEMP_JOB_ASYNC (Background)]
  Initial Block Size 1.0 MB
  Used Block Count 1
  Overflow Count (too large) 0
  Overflow Count (full) 0
[ALLOC_GFX] Dual Thread Allocator
  Peak main deferred allocation count 4
    [ALLOC_BUCKET]
      Large Block size 4.0 MB
      Used Block count 1
      Peak Allocated bytes 4.0 MB
      Failed Allocations. Bucket layout:
        16B: 2 Subsections = 2048 buckets. Failed count: 2867580
        32B: 11 Subsections = 5632 buckets. Failed count: 584650
        48B: 24 Subsections = 8192 buckets. Failed count: 1520702
        64B: 189 Subsections = 48384 buckets. Failed count: 2195007
        80B: 21 Subsections = 4300 buckets. Failed count: 838175
        96B: 4 Subsections = 682 buckets. Failed count: 116122
        112B: 3 Subsections = 438 buckets. Failed count: 29609
        128B: 2 Subsections = 256 buckets. Failed count: 683831
    [ALLOC_GFX_MAIN]
      Peak usage frame count: [4.0 MB-8.0 MB]: 573 frames, [8.0 MB-16.0 MB]: 985 frames, [64.0 MB-128.0 MB]: 6147 frames
      Requested Block Size 16.0 MB
      Peak Block count 2
      Peak Allocated memory 82.7 MB
      Peak Large allocation bytes 76.0 MB
    [ALLOC_GFX_THREAD]
      Peak usage frame count: [64.0 MB-128.0 MB]: 7705 frames
      Requested Block Size 16.0 MB
      Peak Block count 6
      Peak Allocated memory 81.5 MB
      Peak Large allocation bytes 0 B
[ALLOC_CACHEOBJECTS] Dual Thread Allocator
  Peak main deferred allocation count 174
    [ALLOC_BUCKET]
      Large Block size 4.0 MB
      Used Block count 1
      Peak Allocated bytes 4.0 MB
      Failed Allocations. Bucket layout:
        16B: 2 Subsections = 2048 buckets. Failed count: 2867580
        32B: 11 Subsections = 5632 buckets. Failed count: 584650
        48B: 24 Subsections = 8192 buckets. Failed count: 1520702
        64B: 189 Subsections = 48384 buckets. Failed count: 2195007
        80B: 21 Subsections = 4300 buckets. Failed count: 838175
        96B: 4 Subsections = 682 buckets. Failed count: 116122
        112B: 3 Subsections = 438 buckets. Failed count: 29609
        128B: 2 Subsections = 256 buckets. Failed count: 683831
    [ALLOC_CACHEOBJECTS_MAIN]
      Peak usage frame count: [4.0 MB-8.0 MB]: 573 frames, [16.0 MB-32.0 MB]: 985 frames, [32.0 MB-64.0 MB]: 6147 frames
      Requested Block Size 4.0 MB
      Peak Block count 5
      Peak Allocated memory 57.3 MB
      Peak Large allocation bytes 38.8 MB
    [ALLOC_CACHEOBJECTS_THREAD]
      Peak usage frame count: [256.0 MB-0.50 GB]: 1558 frames, [0.50 GB-1.00 GB]: 6147 frames
      Requested Block Size 4.0 MB
      Peak Block count 188
      Peak Allocated memory 0.84 GB
      Peak Large allocation bytes 384.4 MB
[ALLOC_TYPETREE] Dual Thread Allocator
  Peak main deferred allocation count 0
    [ALLOC_BUCKET]
      Large Block size 4.0 MB
      Used Block count 1
      Peak Allocated bytes 4.0 MB
      Failed Allocations. Bucket layout:
        16B: 2 Subsections = 2048 buckets. Failed count: 2867580
        32B: 11 Subsections = 5632 buckets. Failed count: 584650
        48B: 24 Subsections = 8192 buckets. Failed count: 1520702
        64B: 189 Subsections = 48384 buckets. Failed count: 2195007
        80B: 21 Subsections = 4300 buckets. Failed count: 838175
        96B: 4 Subsections = 682 buckets. Failed count: 116122
        112B: 3 Subsections = 438 buckets. Failed count: 29609
        128B: 2 Subsections = 256 buckets. Failed count: 683831
    [ALLOC_TYPETREE_MAIN]
      Peak usage frame count: [0-1.0 KB]: 573 frames, [16.0 KB-32.0 KB]: 7132 frames
      Requested Block Size 2.0 MB
      Peak Block count 1
      Peak Allocated memory 26.3 KB
      Peak Large allocation bytes 0 B
    [ALLOC_TYPETREE_THREAD]
      Peak usage frame count: [64.0 KB-128.0 KB]: 1558 frames, [128.0 KB-256.0 KB]: 6147 frames
      Requested Block Size 2.0 MB
      Peak Block count 1
      Peak Allocated memory 159.3 KB
      Peak Large allocation bytes 0 B
